{"total": {"lines":{"total":497,"covered":154,"skipped":0,"pct":30.98},"statements":{"total":530,"covered":185,"skipped":0,"pct":34.9},"functions":{"total":61,"covered":4,"skipped":0,"pct":6.55},"branches":{"total":90,"covered":5,"skipped":0,"pct":5.55},"branchesTrue":{"total":0,"covered":0,"skipped":0,"pct":100}}
,"/home/paul/Uni/seng2021/project/deployV2/src/app.ts": {"lines":{"total":12,"covered":10,"skipped":0,"pct":83.33},"functions":{"total":4,"covered":3,"skipped":0,"pct":75},"statements":{"total":13,"covered":11,"skipped":0,"pct":84.61},"branches":{"total":0,"covered":0,"skipped":0,"pct":100}}
,"/home/paul/Uni/seng2021/project/deployV2/src/server.ts": {"lines":{"total":25,"covered":25,"skipped":0,"pct":100},"functions":{"total":1,"covered":1,"skipped":0,"pct":100},"statements":{"total":25,"covered":25,"skipped":0,"pct":100},"branches":{"total":0,"covered":0,"skipped":0,"pct":100}}
,"/home/paul/Uni/seng2021/project/deployV2/src/swaggerOptions.ts": {"lines":{"total":7,"covered":5,"skipped":0,"pct":71.42},"functions":{"total":0,"covered":0,"skipped":0,"pct":100},"statements":{"total":7,"covered":5,"skipped":0,"pct":71.42},"branches":{"total":2,"covered":1,"skipped":0,"pct":50}}
,"/home/paul/Uni/seng2021/project/deployV2/src/config/config.ts": {"lines":{"total":5,"covered":5,"skipped":0,"pct":100},"functions":{"total":0,"covered":0,"skipped":0,"pct":100},"statements":{"total":5,"covered":5,"skipped":0,"pct":100},"branches":{"total":2,"covered":2,"skipped":0,"pct":100}}
,"/home/paul/Uni/seng2021/project/deployV2/src/config/firebase.ts": {"lines":{"total":10,"covered":8,"skipped":0,"pct":80},"functions":{"total":0,"covered":0,"skipped":0,"pct":100},"statements":{"total":11,"covered":9,"skipped":0,"pct":81.81},"branches":{"total":4,"covered":2,"skipped":0,"pct":50}}
,"/home/paul/Uni/seng2021/project/deployV2/src/controllers/authController.ts": {"lines":{"total":26,"covered":5,"skipped":0,"pct":19.23},"functions":{"total":4,"covered":0,"skipped":0,"pct":0},"statements":{"total":30,"covered":9,"skipped":0,"pct":30},"branches":{"total":8,"covered":0,"skipped":0,"pct":0}}
,"/home/paul/Uni/seng2021/project/deployV2/src/controllers/invoiceController.ts": {"lines":{"total":54,"covered":9,"skipped":0,"pct":16.66},"functions":{"total":7,"covered":0,"skipped":0,"pct":0},"statements":{"total":61,"covered":16,"skipped":0,"pct":26.22},"branches":{"total":12,"covered":0,"skipped":0,"pct":0}}
,"/home/paul/Uni/seng2021/project/deployV2/src/controllers/userController.ts": {"lines":{"total":11,"covered":3,"skipped":0,"pct":27.27},"functions":{"total":2,"covered":0,"skipped":0,"pct":0},"statements":{"total":13,"covered":5,"skipped":0,"pct":38.46},"branches":{"total":4,"covered":0,"skipped":0,"pct":0}}
,"/home/paul/Uni/seng2021/project/deployV2/src/functions/auth.ts": {"lines":{"total":67,"covered":8,"skipped":0,"pct":11.94},"functions":{"total":5,"covered":0,"skipped":0,"pct":0},"statements":{"total":71,"covered":11,"skipped":0,"pct":15.49},"branches":{"total":24,"covered":0,"skipped":0,"pct":0}}
,"/home/paul/Uni/seng2021/project/deployV2/src/functions/clear.ts": {"lines":{"total":9,"covered":3,"skipped":0,"pct":33.33},"functions":{"total":3,"covered":0,"skipped":0,"pct":0},"statements":{"total":9,"covered":3,"skipped":0,"pct":33.33},"branches":{"total":0,"covered":0,"skipped":0,"pct":100}}
,"/home/paul/Uni/seng2021/project/deployV2/src/functions/invoice.ts": {"lines":{"total":41,"covered":11,"skipped":0,"pct":26.82},"functions":{"total":6,"covered":0,"skipped":0,"pct":0},"statements":{"total":41,"covered":11,"skipped":0,"pct":26.82},"branches":{"total":2,"covered":0,"skipped":0,"pct":0}}
,"/home/paul/Uni/seng2021/project/deployV2/src/functions/user.ts": {"lines":{"total":8,"covered":3,"skipped":0,"pct":37.5},"functions":{"total":2,"covered":0,"skipped":0,"pct":0},"statements":{"total":9,"covered":4,"skipped":0,"pct":44.44},"branches":{"total":2,"covered":0,"skipped":0,"pct":0}}
,"/home/paul/Uni/seng2021/project/deployV2/src/functions/util.ts": {"lines":{"total":20,"covered":2,"skipped":0,"pct":10},"functions":{"total":2,"covered":0,"skipped":0,"pct":0},"statements":{"total":21,"covered":3,"skipped":0,"pct":14.28},"branches":{"total":0,"covered":0,"skipped":0,"pct":100}}
,"/home/paul/Uni/seng2021/project/deployV2/src/middlewares/authenticate.ts": {"lines":{"total":14,"covered":3,"skipped":0,"pct":21.42},"functions":{"total":1,"covered":0,"skipped":0,"pct":0},"statements":{"total":14,"covered":3,"skipped":0,"pct":21.42},"branches":{"total":4,"covered":0,"skipped":0,"pct":0}}
,"/home/paul/Uni/seng2021/project/deployV2/src/middlewares/validateInvoice.ts": {"lines":{"total":18,"covered":3,"skipped":0,"pct":16.66},"functions":{"total":1,"covered":0,"skipped":0,"pct":0},"statements":{"total":18,"covered":3,"skipped":0,"pct":16.66},"branches":{"total":4,"covered":0,"skipped":0,"pct":0}}
,"/home/paul/Uni/seng2021/project/deployV2/src/routes/authRoutes.ts": {"lines":{"total":9,"covered":9,"skipped":0,"pct":100},"functions":{"total":0,"covered":0,"skipped":0,"pct":100},"statements":{"total":9,"covered":9,"skipped":0,"pct":100},"branches":{"total":0,"covered":0,"skipped":0,"pct":100}}
,"/home/paul/Uni/seng2021/project/deployV2/src/routes/invoiceRoutes.ts": {"lines":{"total":13,"covered":13,"skipped":0,"pct":100},"functions":{"total":0,"covered":0,"skipped":0,"pct":100},"statements":{"total":13,"covered":13,"skipped":0,"pct":100},"branches":{"total":0,"covered":0,"skipped":0,"pct":100}}
,"/home/paul/Uni/seng2021/project/deployV2/src/routes/userRoutes.ts": {"lines":{"total":6,"covered":6,"skipped":0,"pct":100},"functions":{"total":0,"covered":0,"skipped":0,"pct":100},"statements":{"total":6,"covered":6,"skipped":0,"pct":100},"branches":{"total":0,"covered":0,"skipped":0,"pct":100}}
,"/home/paul/Uni/seng2021/project/deployV2/src/service/CompanyTable.ts": {"lines":{"total":26,"covered":5,"skipped":0,"pct":19.23},"functions":{"total":3,"covered":0,"skipped":0,"pct":0},"statements":{"total":29,"covered":8,"skipped":0,"pct":27.58},"branches":{"total":6,"covered":0,"skipped":0,"pct":0}}
,"/home/paul/Uni/seng2021/project/deployV2/src/service/InvoiceTable.ts": {"lines":{"total":76,"covered":10,"skipped":0,"pct":13.15},"functions":{"total":14,"covered":0,"skipped":0,"pct":0},"statements":{"total":79,"covered":13,"skipped":0,"pct":16.45},"branches":{"total":12,"covered":0,"skipped":0,"pct":0}}
,"/home/paul/Uni/seng2021/project/deployV2/src/service/UserTable.ts": {"lines":{"total":40,"covered":8,"skipped":0,"pct":20},"functions":{"total":6,"covered":0,"skipped":0,"pct":0},"statements":{"total":46,"covered":13,"skipped":0,"pct":28.26},"branches":{"total":4,"covered":0,"skipped":0,"pct":0}}
}
